Start testing: May 26 15:44 PDT
----------------------------------------------------------
1/1 Testing: OutfitTests
1/1 Test: OutfitTests
Command: "/Users/emi/Desktop/Outfit-Generator/build/tests"
Directory: /Users/emi/Desktop/Outfit-Generator/build
"OutfitTests" start time: May 26 15:44 PDT
Output:
----------------------------------------------------------
Running tests...
Normal Operation...
PASSED
Testing empty wardrobe
PASSED
Test removing an item...
PASSED
Display wardrobe (normal)...Item 1:
Clothing Item: 
Name: White Tee
Style: Casual
Color: White
Category: Top
Brand: Pro Club
Price: 15
Item 2:
Clothing Item: 
Name: Baggy Jeans
Style: Casual
Color: Blue
Category: Bottom
Brand: H&M
Price: 45
Item 3:
Clothing Item: 
Name: AirForces
Style: Casual
Color: White
Category: Shoes
Brand: Nike
Price: 90
PASSED
Test display with empty wardrobe...
Your wardrobe is empty.
PASSED
Test display with exactly one item...
Item 1:
Clothing Item: 
Name: White Tee
Style: Casual
Color: White
Category: Top
Brand: Nike
Price: 15
PASSED
Testing outfit generator normal case: 
PASSED
Test outfit generator with too low budget: 
Could not find an outfit to match preferences.
PASSED
Test outfit generator with a certain budget: 
PASSED

All tests completed.
<end of output>
Test time =   0.00 sec
----------------------------------------------------------
Test Passed.
"OutfitTests" end time: May 26 15:44 PDT
"OutfitTests" time elapsed: 00:00:00
----------------------------------------------------------

End testing: May 26 15:44 PDT
